27
Priors =  0.3333333333333333 0.3333333333333333 0.3333333333333333
Priors log =  -1.0986122886681098 -1.0986122886681098 -1.0986122886681098
{'a': 910, 'b': 168, 'c': 325, 'd': 332, 'e': 1594, 'f': 286, 'g': 264, 'h': 714, 'i': 838, 'j': 21, 'k': 56, 'l': 438, 'm': 310, 'n': 876, 'o': 975, 'p': 253, 'q': 8, 'r': 814, 's': 1001, 't': 1212, 'u': 403, 'v': 140, 'w': 234, 'x': 17, 'y': 209, 'z': 9, ' ': 2712}
likelihood e = 
a 0.0601685114819098
b 0.011134974392863043
c 0.021509995043779945
d 0.021972575582355856
e 0.1053692383941847
f 0.018932760614571286
g 0.017478936064761277
h 0.047216256401784236
i 0.055410540227986124
j 0.001420783082768875
k 0.0037336857756484387
l 0.028977366595076822
m 0.020518751032545846
n 0.057921691723112505
o 0.06446390219725756
p 0.01675202378985627
q 0.0005617049396993227
r 0.053824549810011564
s 0.06618205848339666
t 0.08012555757475633
u 0.026664463902197257
v 0.009284652238559392
w 0.015496448042293078
x 0.001156451346439782
y 0.013844374690236246
z 0.0006277878737815959
  0.1792499586981662
likelihood s = 
a 0.10456045141993771
b 0.008232863618143134
c 0.03752582405722919
d 0.039745922111559924
e 0.1138108599796491
f 0.00860287996053159
g 0.0071844839813758445
h 0.0045327001942585795
i 0.049859702136844375
j 0.006629459467793161
k 0.0002775122567913416
l 0.052943171656748174
m 0.02580863988159477
n 0.054176559464709693
o 0.07249236841293824
p 0.02426690512164287
q 0.007677839104560451
r 0.05929511886774999
s 0.06577040485954797
t 0.03561407295488884
u 0.03370232185254849
v 0.00588942678301625
w 9.250408559711388e-05
x 0.0024976103111220747
y 0.007862847275754679
z 0.0026826184823163022
  0.16826493170115014
likelihood j = 
a 0.1317656102589189
b 0.010866906600510151
c 0.005485866033054963
d 0.01722631818022992
e 0.06020475907613823
f 0.003878542227191726
g 0.014011670568503443
h 0.03176211607673224
i 0.09703343932352633
j 0.0023411020650616725
k 0.05740941332681086
l 0.001432614696530277
m 0.03979873510604843
n 0.05671057688947902
o 0.09116321324993885
p 0.0008735455466648031
q 0.00010482546559977637
r 0.04280373178657535
s 0.0421747789929767
t 0.056990111464411755
u 0.07061742199238269
v 0.0002445927530661449
w 0.01974212935462455
x 3.4941821866592126e-05
y 0.01415143785596981
z 0.00772214263251686
  0.12344945665466997
e10  bag of words = 
a 164
b 32
c 53
d 57
e 311
f 55
g 51
h 140
i 140
j 3
k 6
l 85
m 64
n 139
o 182
p 53
q 3
r 141
s 186
t 225
u 65
v 31
w 47
x 4
y 38
z 2
  498
-7842.964059349303
-8468.380656299225
-8772.5316913637
Prediction =  0
e11  bag of words = 
a 199
b 47
c 70
d 86
e 352
f 78
g 47
h 143
i 170
j 1
k 15
l 124
m 59
n 191
o 236
p 38
q 3
r 147
s 194
t 272
u 86
v 35
w 57
x 2
y 43
z 2
  618
-9347.310487347908
-10057.350726185592
-10408.382445479408
Prediction =  0
e12  bag of words = 
a 122
b 23
c 59
d 36
e 196
f 35
g 15
h 89
i 103
j 0
k 8
l 48
m 38
n 106
o 111
p 25
q 1
r 87
s 124
t 194
u 58
v 15
w 24
x 3
y 25
z 0
  348
-5286.589067292361
-5682.192323138697
-5837.4614104480725
Prediction =  0
e13  bag of words = 
a 97
b 24
c 25
d 32
e 173
f 38
g 23
h 85
i 87
j 0
k 7
l 45
m 42
n 90
o 127
p 22
q 2
r 79
s 94
t 179
u 49
v 8
w 29
x 2
y 28
z 1
  299
-4743.852115829975
-5179.762032865238
-5183.231961072002
Prediction =  0
e14  bag of words = 
a 113
b 24
c 33
d 32
e 164
f 38
g 33
h 87
i 87
j 2
k 5
l 57
m 45
n 90
o 104
p 23
q 1
r 72
s 109
t 140
u 36
v 9
w 23
x 1
y 19
z 1
  322
-4684.1379270533025
-5048.823878903409
-5182.575715091949
Prediction =  0
e15  bag of words = 
a 108
b 19
c 34
d 42
e 157
f 31
g 29
h 67
i 101
j 0
k 8
l 42
m 49
n 91
o 100
p 27
q 2
r 84
s 96
t 149
u 38
v 16
w 29
x 0
y 23
z 1
  271
-4601.337546825696
-4961.611794816845
-5035.050435035467
Prediction =  0
e16  bag of words = 
a 159
b 36
c 66
d 60
e 316
f 45
g 35
h 138
i 138
j 0
k 14
l 97
m 53
n 164
o 168
p 53
q 0
r 146
s 169
t 219
u 56
v 27
w 46
x 7
y 32
z 0
  477
-7679.948367379369
-8290.375532297925
-8632.830881322532
Prediction =  0
e17  bag of words = 
a 155
b 26
c 62
d 53
e 267
f 58
g 41
h 110
i 128
j 3
k 14
l 65
m 63
n 149
o 174
p 45
q 3
r 107
s 145
t 200
u 55
v 22
w 30
x 2
y 30
z 1
  416
-6880.853983590577
-7356.973075930628
-7610.86481136972
Prediction =  0
e18  bag of words = 
a 126
b 16
c 31
d 37
e 166
f 32
g 21
h 57
i 98
j 0
k 7
l 57
m 43
n 100
o 90
p 29
q 0
r 84
s 105
t 118
u 46
v 15
w 24
x 3
y 23
z 1
  302
-4599.349605534324
-4865.272074018617
-5079.4882017602695
Prediction =  0
e19  bag of words = 
a 31
b 8
c 14
d 17
e 59
f 12
g 8
h 20
i 49
j 0
k 1
l 10
m 19
n 39
o 39
p 13
q 1
r 30
s 37
t 44
u 17
v 7
w 5
x 1
y 4
z 0
  97
-1656.9553541936987
-1736.697003246394
-1818.3565442184502
Prediction =  0
s10  bag of words = 
a 184
b 22
c 55
d 75
e 195
f 7
g 8
h 7
i 81
j 14
k 1
l 96
m 43
n 87
o 128
p 49
q 15
r 113
s 107
t 64
u 50
v 13
w 0
x 4
y 4
z 5
  279
-4970.176650721754
-4714.750385340546
-5577.038321635797
Prediction =  1
s11  bag of words = 
a 71
b 6
c 19
d 27
e 72
f 2
g 4
h 2
i 29
j 5
k 0
l 41
m 17
n 27
o 29
p 20
q 6
r 34
s 53
t 17
u 24
v 2
w 0
x 1
y 4
z 2
  99
-1798.2930983707208
-1691.5737562479405
-2030.0857531899817
Prediction =  1
s12  bag of words = 
a 202
b 30
c 59
d 86
e 222
f 10
g 18
h 13
i 93
j 13
k 0
l 85
m 43
n 112
o 153
p 42
q 15
r 120
s 141
t 78
u 88
v 5
w 0
x 4
y 12
z 7
  341
-5744.264952619848
-5507.852584608343
-6277.952657548027
Prediction =  1
s13  bag of words = 
a 122
b 5
c 39
d 39
e 107
f 9
g 6
h 7
i 45
j 7
k 0
l 58
m 22
n 61
o 58
p 17
q 5
r 48
s 67
t 31
u 33
v 8
w 0
x 4
y 6
z 3
  162
-2804.740629899459
-2669.484389267791
-3136.643238357222
Prediction =  1
s14  bag of words = 
a 186
b 23
c 55
d 77
e 202
f 10
g 12
h 6
i 85
j 12
k 0
l 84
m 44
n 102
o 116
p 50
q 14
r 111
s 97
t 72
u 64
v 13
w 4
x 3
y 12
z 9
  300
-5137.087496796142
-4919.912361437022
-5699.82547023216
Prediction =  1
s15  bag of words = 
a 142
b 12
c 62
d 59
e 179
f 10
g 16
h 7
i 80
j 9
k 0
l 83
m 36
n 88
o 121
p 38
q 10
r 84
s 94
t 45
u 60
v 18
w 0
x 4
y 7
z 3
  265
-4433.628971184031
-4238.140906214268
-4998.509281576114
Prediction =  1
s16  bag of words = 
a 195
b 15
c 62
d 66
e 180
f 15
g 9
h 7
i 92
j 5
k 1
l 85
m 38
n 99
o 99
p 48
q 13
r 79
s 114
t 61
u 52
v 4
w 0
x 7
y 15
z 13
  275
-4810.892865147412
-4578.054088169204
-5341.757366825422
Prediction =  1
s17  bag of words = 
a 181
b 26
c 75
d 76
e 206
f 13
g 12
h 11
i 99
j 15
k 0
l 94
m 45
n 87
o 127
p 33
q 19
r 100
s 141
t 57
u 74
v 7
w 0
x 2
y 9
z 8
  296
-5307.58376705518
-5042.73709423128
-5863.681049068628
Prediction =  1
s18  bag of words = 
a 218
b 15
c 75
d 71
e 183
f 11
g 13
h 7
i 98
j 10
k 1
l 115
m 40
n 93
o 135
p 36
q 13
r 108
s 134
t 66
u 66
v 16
w 3
x 6
y 27
z 6
  338
-5520.635263592994
-5279.898264235052
-6167.587962353716
Prediction =  1
s19  bag of words = 
a 139
b 13
c 41
d 47
e 126
f 4
g 11
h 9
i 55
j 13
k 0
l 64
m 27
n 67
o 74
p 30
q 8
r 74
s 63
t 38
u 38
v 4
w 0
x 5
y 8
z 4
  190
-3374.517725851262
-3203.8846592408627
-3745.2335894210914
Prediction =  1
j10  bag of words = 
a 186
b 9
c 8
d 19
e 100
f 5
g 24
h 54
i 155
j 4
k 81
l 2
m 68
n 70
o 131
p 0
q 0
r 68
s 66
t 103
u 106
v 1
w 34
x 0
y 19
z 7
  181
-4544.34814708831
-5005.048531906131
-4133.8787090662245
Prediction =  2
j11  bag of words = 
a 197
b 18
c 6
d 16
e 82
f 2
g 24
h 37
i 155
j 3
k 88
l 0
m 70
n 87
o 143
p 0
q 0
r 63
s 62
t 100
u 104
v 0
w 39
x 0
y 14
z 12
  182
-4599.9474606098765
-5053.188487273616
-4107.337239663867
Prediction =  2
j12  bag of words = 
a 152
b 18
c 7
d 20
e 75
f 6
g 14
h 39
i 113
j 3
k 74
l 0
m 42
n 73
o 105
p 0
q 0
r 45
s 68
t 70
u 111
v 0
w 25
x 0
y 22
z 10
  149
-3823.449106062089
-4176.7072236079675
-3440.1397933299395
Prediction =  2
j13  bag of words = 
a 220
b 16
c 7
d 22
e 89
f 4
g 22
h 41
i 179
j 3
k 93
l 0
m 58
n 81
o 129
p 3
q 0
r 71
s 67
t 97
u 102
v 1
w 39
x 0
y 27
z 12
  198
-4827.639396231296
-5296.614149031251
-4336.765401209866
Prediction =  2
j14  bag of words = 
a 221
b 15
c 12
d 25
e 95
f 4
g 32
h 48
i 151
j 2
k 107
l 0
m 72
n 89
o 136
p 0
q 0
r 73
s 56
t 80
u 121
v 0
w 22
x 0
y 24
z 16
  191
-4937.7991901192745
-5344.818784811843
-4378.6596573223715
Prediction =  2
j15  bag of words = 
a 166
b 7
c 6
d 26
e 82
f 4
g 19
h 46
i 129
j 4
k 66
l 9
m 50
n 70
o 122
p 0
q 0
r 52
s 53
t 81
u 76
v 0
w 27
x 0
y 15
z 7
  165
-3855.3547243138123
-4211.1837184925525
-3539.5781224678676
Prediction =  2
j16  bag of words = 
a 201
b 13
c 4
d 23
e 80
f 4
g 30
h 43
i 136
j 0
k 86
l 1
m 53
n 90
o 149
p 4
q 0
r 59
s 58
t 83
u 93
v 0
w 29
x 0
y 24
z 12
  180
-4439.149033750644
-4848.961801618616
-3993.345452486159
Prediction =  2
j17  bag of words = 
a 206
b 9
c 10
d 35
e 92
f 7
g 24
h 56
i 168
j 4
k 84
l 0
m 58
n 105
o 157
p 1
q 0
r 63
s 62
t 100
u 93
v 0
w 33
x 0
y 20
z 10
  193
-4806.891638181592
-5256.873411735181
-4368.89042253691
Prediction =  2
j18  bag of words = 
a 194
b 12
c 7
d 22
e 89
f 5
g 17
h 44
i 132
j 2
k 90
l 0
m 62
n 74
o 108
p 0
q 0
r 60
s 71
t 75
u 112
v 0
w 31
x 0
y 11
z 14
  164
-4305.168561788889
-4707.027675226486
-3829.8958844279905
Prediction =  2
j19  bag of words = 
a 185
b 14
c 5
d 18
e 86
f 4
g 23
h 46
i 150
j 2
k 60
l 2
m 76
n 93
o 124
p 0
q 0
r 63
s 63
t 69
u 100
v 0
w 24
x 0
y 21
z 13
  170
-4274.407807229267
-4582.93549157793
-3877.8313069147093
Prediction =  2
